# JRE version: OpenJDK Runtime Environment (8.0_76-b03) (build 1.8.0_76-release-b03)
# Java VM: OpenJDK 64-Bit Server VM (25.76-b03 mixed mode windows-amd64 compressed oops)
Heap:
 PSYoungGen      total 265216K, used 31735K [0x00000000eab00000, 0x0000000100000000, 0x0000000100000000)
  eden space 233472K, 0% used [0x00000000eab00000,0x00000000eab00000,0x00000000f8f00000)
  from space 31744K, 99% used [0x00000000fe100000,0x00000000ffffdfb8,0x0000000100000000)
  to   space 57856K, 0% used [0x00000000f8f00000,0x00000000f8f00000,0x00000000fc780000)
 ParOldGen       total 110592K, used 110290K [0x00000000c0000000, 0x00000000c6c00000, 0x00000000eab00000)
  object space 110592K, 99% used [0x00000000c0000000,0x00000000c6bb4998,0x00000000c6c00000)
 Metaspace       used 65350K, capacity 68468K, committed 68656K, reserved 1107968K
  class space    used 8534K, capacity 9241K, committed 9264K, reserved 1048576K
GC Heap History (10 events):
Event: 13.773 GC heap after
Heap after GC invocations=11 (full 2):
 PSYoungGen      total 326144K, used 21489K [0x00000000eab00000, 0x0000000100000000, 0x0000000100000000)
  eden space 304640K, 0% used [0x00000000eab00000,0x00000000eab00000,0x00000000fd480000)
  from space 21504K, 99% used [0x00000000fd480000,0x00000000fe97c6c8,0x00000000fe980000)
  to   space 23040K, 0% used [0x00000000fe980000,0x00000000fe980000,0x0000000100000000)
 ParOldGen       total 80896K, used 41521K [0x00000000c0000000, 0x00000000c4f00000, 0x00000000eab00000)
  object space 80896K, 51% used [0x00000000c0000000,0x00000000c288c480,0x00000000c4f00000)
 Metaspace       used 55711K, capacity 58016K, committed 58160K, reserved 1099776K
  class space    used 7526K, capacity 8130K, committed 8240K, reserved 1048576K
}
Event: 13.773 GC heap before
{Heap before GC invocations=12 (full 3):
 PSYoungGen      total 326144K, used 21489K [0x00000000eab00000, 0x0000000100000000, 0x0000000100000000)
  eden space 304640K, 0% used [0x00000000eab00000,0x00000000eab00000,0x00000000fd480000)
  from space 21504K, 99% used [0x00000000fd480000,0x00000000fe97c6c8,0x00000000fe980000)
  to   space 23040K, 0% used [0x00000000fe980000,0x00000000fe980000,0x0000000100000000)
 ParOldGen       total 80896K, used 41521K [0x00000000c0000000, 0x00000000c4f00000, 0x00000000eab00000)
  object space 80896K, 51% used [0x00000000c0000000,0x00000000c288c480,0x00000000c4f00000)
 Metaspace       used 55711K, capacity 58016K, committed 58160K, reserved 1099776K
  class space    used 7526K, capacity 8130K, committed 8240K, reserved 1048576K
Event: 14.012 GC heap after
Heap after GC invocations=12 (full 3):
 PSYoungGen      total 326144K, used 0K [0x00000000eab00000, 0x0000000100000000, 0x0000000100000000)
  eden space 304640K, 0% used [0x00000000eab00000,0x00000000eab00000,0x00000000fd480000)
  from space 21504K, 0% used [0x00000000fd480000,0x00000000fd480000,0x00000000fe980000)
  to   space 23040K, 0% used [0x00000000fe980000,0x00000000fe980000,0x0000000100000000)
 ParOldGen       total 80896K, used 52099K [0x00000000c0000000, 0x00000000c4f00000, 0x00000000eab00000)
  object space 80896K, 64% used [0x00000000c0000000,0x00000000c32e0fb8,0x00000000c4f00000)
 Metaspace       used 55711K, capacity 58016K, committed 58160K, reserved 1099776K
  class space    used 7526K, capacity 8130K, committed 8240K, reserved 1048576K
}
Event: 63.046 GC heap before
{Heap before GC invocations=13 (full 3):
 PSYoungGen      total 326144K, used 304640K [0x00000000eab00000, 0x0000000100000000, 0x0000000100000000)
  eden space 304640K, 100% used [0x00000000eab00000,0x00000000fd480000,0x00000000fd480000)
  from space 21504K, 0% used [0x00000000fd480000,0x00000000fd480000,0x00000000fe980000)
  to   space 23040K, 0% used [0x00000000fe980000,0x00000000fe980000,0x0000000100000000)
 ParOldGen       total 80896K, used 52099K [0x00000000c0000000, 0x00000000c4f00000, 0x00000000eab00000)
  object space 80896K, 64% used [0x00000000c0000000,0x00000000c32e0fb8,0x00000000c4f00000)
 Metaspace       used 58456K, capacity 61194K, committed 61232K, reserved 1101824K
  class space    used 7811K, capacity 8463K, committed 8496K, reserved 1048576K
Event: 63.059 GC heap after
Heap after GC invocations=13 (full 3):
 PSYoungGen      total 313856K, used 6604K [0x00000000eab00000, 0x0000000100000000, 0x0000000100000000)
  eden space 290816K, 0% used [0x00000000eab00000,0x00000000eab00000,0x00000000fc700000)
  from space 23040K, 28% used [0x00000000fe980000,0x00000000feff3158,0x0000000100000000)
  to   space 29184K, 0% used [0x00000000fc700000,0x00000000fc700000,0x00000000fe380000)
 ParOldGen       total 80896K, used 52107K [0x00000000c0000000, 0x00000000c4f00000, 0x00000000eab00000)
  object space 80896K, 64% used [0x00000000c0000000,0x00000000c32e2fb8,0x00000000c4f00000)
 Metaspace       used 58456K, capacity 61194K, committed 61232K, reserved 1101824K
  class space    used 7811K, capacity 8463K, committed 8496K, reserved 1048576K
}
Event: 376.584 GC heap before
{Heap before GC invocations=14 (full 3):
 PSYoungGen      total 313856K, used 297420K [0x00000000eab00000, 0x0000000100000000, 0x0000000100000000)
  eden space 290816K, 100% used [0x00000000eab00000,0x00000000fc700000,0x00000000fc700000)
  from space 23040K, 28% used [0x00000000fe980000,0x00000000feff3158,0x0000000100000000)
  to   space 29184K, 0% used [0x00000000fc700000,0x00000000fc700000,0x00000000fe380000)
 ParOldGen       total 80896K, used 52107K [0x00000000c0000000, 0x00000000c4f00000, 0x00000000eab00000)
  object space 80896K, 64% used [0x00000000c0000000,0x00000000c32e2fb8,0x00000000c4f00000)
 Metaspace       used 63307K, capacity 66402K, committed 66480K, reserved 1105920K
  class space    used 8398K, capacity 9104K, committed 9136K, reserved 1048576K
Event: 376.605 GC heap after
Heap after GC invocations=14 (full 3):
 PSYoungGen      total 314880K, used 23959K [0x00000000eab00000, 0x0000000100000000, 0x0000000100000000)
  eden space 290816K, 0% used [0x00000000eab00000,0x00000000eab00000,0x00000000fc700000)
  from space 24064K, 99% used [0x00000000fc700000,0x00000000fde65c50,0x00000000fde80000)
  to   space 31744K, 0% used [0x00000000fe100000,0x00000000fe100000,0x0000000100000000)
 ParOldGen       total 80896K, used 52115K [0x00000000c0000000, 0x00000000c4f00000, 0x00000000eab00000)
  object space 80896K, 64% used [0x00000000c0000000,0x00000000c32e4fb8,0x00000000c4f00000)
 Metaspace       used 63307K, capacity 66402K, committed 66480K, reserved 1105920K
  class space    used 8398K, capacity 9104K, committed 9136K, reserved 1048576K
}
Event: 378.174 GC heap before
{Heap before GC invocations=15 (full 3):
 PSYoungGen      total 314880K, used 314775K [0x00000000eab00000, 0x0000000100000000, 0x0000000100000000)
  eden space 290816K, 100% used [0x00000000eab00000,0x00000000fc700000,0x00000000fc700000)
  from space 24064K, 99% used [0x00000000fc700000,0x00000000fde65c50,0x00000000fde80000)
  to   space 31744K, 0% used [0x00000000fe100000,0x00000000fe100000,0x0000000100000000)
 ParOldGen       total 80896K, used 52115K [0x00000000c0000000, 0x00000000c4f00000, 0x00000000eab00000)
  object space 80896K, 64% used [0x00000000c0000000,0x00000000c32e4fb8,0x00000000c4f00000)
 Metaspace       used 65350K, capacity 68468K, committed 68656K, reserved 1107968K
  class space    used 8534K, capacity 9241K, committed 9264K, reserved 1048576K
Event: 378.228 GC heap after
Heap after GC invocations=15 (full 3):
 PSYoungGen      total 265216K, used 31735K [0x00000000eab00000, 0x0000000100000000, 0x0000000100000000)
  eden space 233472K, 0% used [0x00000000eab00000,0x00000000eab00000,0x00000000f8f00000)
  from space 31744K, 99% used [0x00000000fe100000,0x00000000ffffdfb8,0x0000000100000000)
  to   space 57856K, 0% used [0x00000000f8f00000,0x00000000f8f00000,0x00000000fc780000)
 ParOldGen       total 110592K, used 110290K [0x00000000c0000000, 0x00000000c6c00000, 0x00000000eab00000)
  object space 110592K, 99% used [0x00000000c0000000,0x00000000c6bb4998,0x00000000c6c00000)
 Metaspace       used 65350K, capacity 68468K, committed 68656K, reserved 1107968K
  class space    used 8534K, capacity 9241K, committed 9264K, reserved 1048576K
}
Event: 378.228 GC heap before
{Heap before GC invocations=16 (full 4):
 PSYoungGen      total 265216K, used 31735K [0x00000000eab00000, 0x0000000100000000, 0x0000000100000000)
  eden space 233472K, 0% used [0x00000000eab00000,0x00000000eab00000,0x00000000f8f00000)
  from space 31744K, 99% used [0x00000000fe100000,0x00000000ffffdfb8,0x0000000100000000)
  to   space 57856K, 0% used [0x00000000f8f00000,0x00000000f8f00000,0x00000000fc780000)
 ParOldGen       total 110592K, used 110290K [0x00000000c0000000, 0x00000000c6c00000, 0x00000000eab00000)
  object space 110592K, 99% used [0x00000000c0000000,0x00000000c6bb4998,0x00000000c6c00000)
 Metaspace       used 65350K, capacity 68468K, committed 68656K, reserved 1107968K
  class space    used 8534K, capacity 9241K, committed 9264K, reserved 1048576K

