# JRE version: OpenJDK Runtime Environment (8.0_76-b03) (build 1.8.0_76-release-b03)
# Java VM: OpenJDK 64-Bit Server VM (25.76-b03 mixed mode windows-amd64 compressed oops)
Heap:
 PSYoungGen      total 281088K, used 266969K [0x00000000eab00000, 0x0000000100000000, 0x0000000100000000)
  eden space 219136K, 100% used [0x00000000eab00000,0x00000000f8100000,0x00000000f8100000)
  from space 61952K, 77% used [0x00000000f8100000,0x00000000fafb6720,0x00000000fbd80000)
  to   space 68096K, 52% used [0x00000000fbd80000,0x00000000fe0b4b58,0x0000000100000000)
 ParOldGen       total 349696K, used 119262K [0x00000000c0000000, 0x00000000d5580000, 0x00000000eab00000)
  object space 349696K, 34% used [0x00000000c0000000,0x00000000c7477b60,0x00000000d5580000)
 Metaspace       used 77079K, capacity 83014K, committed 83248K, reserved 1122304K
  class space    used 9717K, capacity 10625K, committed 10800K, reserved 1048576K
GC Heap History (10 events):
Event: 8777.796 GC heap after
Heap after GC invocations=134 (full 24):
 PSYoungGen      total 277504K, used 10661K [0x00000000eab00000, 0x0000000100000000, 0x0000000100000000)
  eden space 211456K, 0% used [0x00000000eab00000,0x00000000eab00000,0x00000000f7980000)
  from space 66048K, 16% used [0x00000000fb900000,0x00000000fc369410,0x00000000ff980000)
  to   space 65024K, 0% used [0x00000000f7980000,0x00000000f7980000,0x00000000fb900000)
 ParOldGen       total 349696K, used 186535K [0x00000000c0000000, 0x00000000d5580000, 0x00000000eab00000)
  object space 349696K, 53% used [0x00000000c0000000,0x00000000cb629ca0,0x00000000d5580000)
 Metaspace       used 76975K, capacity 82920K, committed 83248K, reserved 1122304K
  class space    used 9708K, capacity 10616K, committed 10800K, reserved 1048576K
}
Event: 8777.929 GC heap before
{Heap before GC invocations=135 (full 24):
 PSYoungGen      total 277504K, used 111991K [0x00000000eab00000, 0x0000000100000000, 0x0000000100000000)
  eden space 211456K, 47% used [0x00000000eab00000,0x00000000f0df4a60,0x00000000f7980000)
  from space 66048K, 16% used [0x00000000fb900000,0x00000000fc369410,0x00000000ff980000)
  to   space 65024K, 0% used [0x00000000f7980000,0x00000000f7980000,0x00000000fb900000)
 ParOldGen       total 349696K, used 186535K [0x00000000c0000000, 0x00000000d5580000, 0x00000000eab00000)
  object space 349696K, 53% used [0x00000000c0000000,0x00000000cb629ca0,0x00000000d5580000)
 Metaspace       used 76981K, capacity 82920K, committed 83248K, reserved 1122304K
  class space    used 9708K, capacity 10616K, committed 10800K, reserved 1048576K
Event: 8777.936 GC heap after
Heap after GC invocations=135 (full 24):
 PSYoungGen      total 276480K, used 186K [0x00000000eab00000, 0x0000000100000000, 0x0000000100000000)
  eden space 211456K, 0% used [0x00000000eab00000,0x00000000eab00000,0x00000000f7980000)
  from space 65024K, 0% used [0x00000000f7980000,0x00000000f79aea68,0x00000000fb900000)
  to   space 65024K, 0% used [0x00000000fc080000,0x00000000fc080000,0x0000000100000000)
 ParOldGen       total 349696K, used 192702K [0x00000000c0000000, 0x00000000d5580000, 0x00000000eab00000)
  object space 349696K, 55% used [0x00000000c0000000,0x00000000cbc2fb18,0x00000000d5580000)
 Metaspace       used 76981K, capacity 82920K, committed 83248K, reserved 1122304K
  class space    used 9708K, capacity 10616K, committed 10800K, reserved 1048576K
}
Event: 8777.936 GC heap before
{Heap before GC invocations=136 (full 25):
 PSYoungGen      total 276480K, used 186K [0x00000000eab00000, 0x0000000100000000, 0x0000000100000000)
  eden space 211456K, 0% used [0x00000000eab00000,0x00000000eab00000,0x00000000f7980000)
  from space 65024K, 0% used [0x00000000f7980000,0x00000000f79aea68,0x00000000fb900000)
  to   space 65024K, 0% used [0x00000000fc080000,0x00000000fc080000,0x0000000100000000)
 ParOldGen       total 349696K, used 192702K [0x00000000c0000000, 0x00000000d5580000, 0x00000000eab00000)
  object space 349696K, 55% used [0x00000000c0000000,0x00000000cbc2fb18,0x00000000d5580000)
 Metaspace       used 76981K, capacity 82920K, committed 83248K, reserved 1122304K
  class space    used 9708K, capacity 10616K, committed 10800K, reserved 1048576K
Event: 8778.085 GC heap after
Heap after GC invocations=136 (full 25):
 PSYoungGen      total 276480K, used 0K [0x00000000eab00000, 0x0000000100000000, 0x0000000100000000)
  eden space 211456K, 0% used [0x00000000eab00000,0x00000000eab00000,0x00000000f7980000)
  from space 65024K, 0% used [0x00000000f7980000,0x00000000f7980000,0x00000000fb900000)
  to   space 65024K, 0% used [0x00000000fc080000,0x00000000fc080000,0x0000000100000000)
 ParOldGen       total 349696K, used 62499K [0x00000000c0000000, 0x00000000d5580000, 0x00000000eab00000)
  object space 349696K, 17% used [0x00000000c0000000,0x00000000c3d08c78,0x00000000d5580000)
 Metaspace       used 76274K, capacity 82198K, committed 83248K, reserved 1122304K
  class space    used 9641K, capacity 10543K, committed 10800K, reserved 1048576K
}
Event: 15278.932 GC heap before
{Heap before GC invocations=137 (full 25):
 PSYoungGen      total 276480K, used 211456K [0x00000000eab00000, 0x0000000100000000, 0x0000000100000000)
  eden space 211456K, 100% used [0x00000000eab00000,0x00000000f7980000,0x00000000f7980000)
  from space 65024K, 0% used [0x00000000f7980000,0x00000000f7980000,0x00000000fb900000)
  to   space 65024K, 0% used [0x00000000fc080000,0x00000000fc080000,0x0000000100000000)
 ParOldGen       total 349696K, used 62499K [0x00000000c0000000, 0x00000000d5580000, 0x00000000eab00000)
  object space 349696K, 17% used [0x00000000c0000000,0x00000000c3d08c78,0x00000000d5580000)
 Metaspace       used 76367K, capacity 82292K, committed 83248K, reserved 1122304K
  class space    used 9649K, capacity 10552K, committed 10800K, reserved 1048576K
Event: 15278.945 GC heap after
Heap after GC invocations=137 (full 25):
 PSYoungGen      total 278016K, used 12977K [0x00000000eab00000, 0x00000000ffa00000, 0x0000000100000000)
  eden space 219136K, 0% used [0x00000000eab00000,0x00000000eab00000,0x00000000f8100000)
  from space 58880K, 22% used [0x00000000fc080000,0x00000000fcd2c7f8,0x00000000ffa00000)
  to   space 61952K, 0% used [0x00000000f8100000,0x00000000f8100000,0x00000000fbd80000)
 ParOldGen       total 349696K, used 62507K [0x00000000c0000000, 0x00000000d5580000, 0x00000000eab00000)
  object space 349696K, 17% used [0x00000000c0000000,0x00000000c3d0ac78,0x00000000d5580000)
 Metaspace       used 76367K, capacity 82292K, committed 83248K, reserved 1122304K
  class space    used 9649K, capacity 10552K, committed 10800K, reserved 1048576K
}
Event: 15279.836 GC heap before
{Heap before GC invocations=138 (full 25):
 PSYoungGen      total 278016K, used 232113K [0x00000000eab00000, 0x00000000ffa00000, 0x0000000100000000)
  eden space 219136K, 100% used [0x00000000eab00000,0x00000000f8100000,0x00000000f8100000)
  from space 58880K, 22% used [0x00000000fc080000,0x00000000fcd2c7f8,0x00000000ffa00000)
  to   space 61952K, 0% used [0x00000000f8100000,0x00000000f8100000,0x00000000fbd80000)
 ParOldGen       total 349696K, used 62507K [0x00000000c0000000, 0x00000000d5580000, 0x00000000eab00000)
  object space 349696K, 17% used [0x00000000c0000000,0x00000000c3d0ac78,0x00000000d5580000)
 Metaspace       used 77079K, capacity 83014K, committed 83248K, reserved 1122304K
  class space    used 9717K, capacity 10625K, committed 10800K, reserved 1048576K
Event: 15279.882 GC heap after
Heap after GC invocations=138 (full 25):
 PSYoungGen      total 281088K, used 47833K [0x00000000eab00000, 0x0000000100000000, 0x0000000100000000)
  eden space 219136K, 0% used [0x00000000eab00000,0x00000000eab00000,0x00000000f8100000)
  from space 61952K, 77% used [0x00000000f8100000,0x00000000fafb6720,0x00000000fbd80000)
  to   space 68096K, 0% used [0x00000000fbd80000,0x00000000fbd80000,0x0000000100000000)
 ParOldGen       total 349696K, used 74235K [0x00000000c0000000, 0x00000000d5580000, 0x00000000eab00000)
  object space 349696K, 21% used [0x00000000c0000000,0x00000000c487ec78,0x00000000d5580000)
 Metaspace       used 77079K, capacity 83014K, committed 83248K, reserved 1122304K
  class space    used 9717K, capacity 10625K, committed 10800K, reserved 1048576K
}
Event: 15280.713 GC heap before
{Heap before GC invocations=139 (full 25):
 PSYoungGen      total 281088K, used 266969K [0x00000000eab00000, 0x0000000100000000, 0x0000000100000000)
  eden space 219136K, 100% used [0x00000000eab00000,0x00000000f8100000,0x00000000f8100000)
  from space 61952K, 77% used [0x00000000f8100000,0x00000000fafb6720,0x00000000fbd80000)
  to   space 68096K, 0% used [0x00000000fbd80000,0x00000000fbd80000,0x0000000100000000)
 ParOldGen       total 349696K, used 74235K [0x00000000c0000000, 0x00000000d5580000, 0x00000000eab00000)
  object space 349696K, 21% used [0x00000000c0000000,0x00000000c487ec78,0x00000000d5580000)
 Metaspace       used 77079K, capacity 83014K, committed 83248K, reserved 1122304K
  class space    used 9717K, capacity 10625K, committed 10800K, reserved 1048576K

